         w __deregister_frame_info
         w __register_frame_info
         w __syscall_lock_close_recursive
         w userAppExit
         w userAppInit
00000000 b _TLS_MODULE_BASE_
00000000 00000802 B __ctru_dev_utf16_buf
00000000 a shift
00000000 a shift
00000804 00000401 B __ctru_dev_path_buf
00100000 A __start__
00100000 T _start
00100008 T __service_ptr
0010000c T __apt_appid
00100010 T __heap_size
00100014 T __linear_heap_size
00100018 T __system_arglist
0010001c T __system_runflags
00100020 t startup
00100058 t ClearMem
0010006c t ClrLoop
00100094 T _init
001000ac T __aeabi_idiv
001000ac 00000220 T __divsi3
001000b4 t .divsi3_skip_div0_test
001002cc 00000020 T __aeabi_idivmod
001002ec 00000004 W __aeabi_idiv0
001002ec 00000004 W __aeabi_ldiv0
001002f0 T __aeabi_drsub
001002f8 000002b0 T __aeabi_dsub
001002f8 000002b0 T __subdf3
001002fc 000002ac T __adddf3
001002fc 000002ac T __aeabi_dadd
001005a8 00000024 T __aeabi_ui2d
001005a8 00000024 T __floatunsidf
001005cc 00000028 T __aeabi_i2d
001005cc 00000028 T __floatsidf
001005f4 00000048 T __aeabi_f2d
001005f4 00000048 T __extendsfdf2
0010063c 00000074 T __aeabi_ul2d
0010063c 00000074 T __floatundidf
00100650 00000060 T __aeabi_l2d
00100650 00000060 T __floatdidf
001006b0 T __aeabi_uldivmod
00100708 00000390 T strcmp
00100a90 t .udivsi3_skip_div0_test
00100a90 T __aeabi_uidiv
00100a90 000001ec T __udivsi3
00100c7c 00000020 T __aeabi_uidivmod
00100c9c t __do_global_dtors_aux
00100cdc t frame_dummy
00100d08 00000114 t C2D_Color32f
00100e1c 00000018 t C2D_SceneTarget
00100e34 00000020 t C2D_SceneBegin
00100e54 00000018 t C2D_DrawRectSolid
00100e6c 00000014 T exitTheGame
00100e80 00000058 T setTheObjectScale
00100ed8 00000040 T decrementAllTheVerteciesValuesByOne
00100f18 00000028 T cutANumber
00100f40 0000028c T handleInput
001011d0 00000c94 T main
00101e64 00000044 t C2Di_FrameEndHook
00101ea8 0000036c T C2D_Init
00102214 0000004c T C2D_Fini
00102260 000000b8 T C2D_Prepare
00102318 00000048 T C2D_Flush
00102360 00000104 T C2D_SceneSize
00102464 00000058 T C2D_CreateScreenTarget
001024bc 00000064 T C2D_TargetClear
00102520 00000058 T C2Di_AppendQuad
00102578 00000550 T C2Di_Update
00102ac8 0000015c T C2D_DrawTriangle
00102c24 000001dc T C2D_DrawLine
00102e00 00000158 T C2D_DrawRectangle
00102f58 00000004 W C3Di_LightEnvUpdate
00102f5c 00000004 W C3Di_LightEnvDirty
00102f60 000000b4 t C3Di_AptEventHook
00103014 00000004 W C3Di_GasUpdate
00103018 000001e0 T C3D_Init
001031f8 00000098 T C3D_SetViewport
00103290 000004e8 T C3Di_UpdateContext
00103778 000000e0 T C3Di_SplitFrame
00103858 00000010 T C3D_GetCmdBufUsage
00103868 00000044 T C3D_Fini
001038ac 00000114 T C3D_BindProgram
001039c0 0000004c t onVBlank0
00103a0c 0000004c t onVBlank1
00103a58 00000080 t C3Di_RenderTargetDestroy
00103ad8 000000f4 t onQueueFinish
00103bcc 00000038 T C3Di_RenderQueueEnableVBlank
00103c04 00000030 T C3Di_RenderQueueDisableVBlank
00103c34 00000060 T C3Di_RenderQueueInit
00103c94 000000b0 T C3Di_RenderQueueExit
00103d44 00000034 T C3Di_RenderQueueWaitDone
00103d78 000000e4 T C3D_FrameBegin
00103e5c 00000048 T C3D_FrameDrawOn
00103ea4 00000058 T C3D_FrameSplit
00103efc 000001d8 T C3D_FrameEnd
001040d4 0000001c T C3D_FrameEndHook
001040f0 00000018 T C3D_GetDrawingTime
00104108 00000018 T C3D_GetProcessingTime
00104120 00000184 T C3D_RenderTargetCreate
001042a4 000000a8 T C3D_RenderTargetSetOutput
0010434c 00000044 T C3D_TexBind
00104390 0000016c T C3Di_SetTex
001044fc 0000001c T C3D_CalcColorBufSize
00104518 0000001c T C3D_CalcDepthBufSize
00104534 00000044 T C3D_SetFrameBuf
00104578 0000016c T C3Di_FrameBufBind
001046e4 000000c8 T C3D_FrameBufClear
001047ac 00000044 T C3D_FrameBufTransfer
001047f0 00000034 T C3D_GetTexEnv
00104824 00000024 T C3Di_TexEnvBind
00104848 00000218 T C3D_DrawElements
00104a60 00000070 T C3D_ProcTexInit
00104ad0 00000054 T C3D_ProcTexBind
00104b24 0000005c T C3D_ProcTexLutBind
00104b80 000000a4 T ProcTexLut_FromArray
00104c24 0000017c T C3Di_ProcTexUpdate
00104da0 00000068 T C3Di_ProcTexDirty
00104e08 00000024 T BufInfo_Init
00104e2c 00000080 T BufInfo_Add
00104eac 00000040 T C3D_SetBufInfo
00104eec 00000048 T C3Di_BufInfoBind
00104f34 00000040 T C3D_DepthMap
00104f74 0000001c T C3D_CullFace
00104f90 00000040 T C3D_StencilTest
00104fd0 00000024 T C3D_StencilOp
00104ff4 0000001c T C3D_BlendingColor
00105010 00000024 T C3D_EarlyDepthTest
00105034 0000002c T C3D_DepthTest
00105060 0000002c T C3D_AlphaTest
0010508c 00000050 T C3D_AlphaBlend
001050dc 00000030 T C3D_FragOpMode
0010510c 00000044 T C3D_FragOpShadow
00105150 000001ac T C3Di_EffectBind
001052fc 00000028 T AttrInfo_Init
00105324 00000094 T AttrInfo_AddLoader
001053b8 00000054 T C3D_SetAttrInfo
0010540c 00000080 T C3Di_AttrInfoBind
0010548c 000000a8 T C3D_ImmSendAttrib
00105534 00000280 T C3D_UpdateUniforms
001057b4 000000c0 T C3Di_DirtyUniforms
00105874 000000d8 T C3Di_LoadShaderUniforms
0010594c 00000028 T C3Di_ClearShaderUniforms
00105974 000000cc T Mtx_Ortho
00105a40 000000cc T Mtx_OrthoTilt
00105b0c 00000024 t addrMapNodeComparator(rbtree_node const*, rbtree_node const*)
00105b30 00000004 t addrMapNodeDestructor(rbtree_node*)
00105b34 00000250 T vramMemAlignAt
00105d84 0000000c T vramAlloc
00105d90 0000000c T vramAllocAt
00105d9c 00000090 T vramFree
00105e2c 00000024 t addrMapNodeComparator(rbtree_node const*, rbtree_node const*)
00105e50 00000004 t addrMapNodeDestructor(rbtree_node*)
00105e54 00000120 T linearMemAlign
00105f74 00000008 T linearAlloc
00105f7c 0000005c T linearFree
00105fd8 00000080 T MemPool::CoalesceRight(MemBlock*)
00106058 0000016c T MemPool::Allocate(MemChunk&, unsigned long, int)
001061c4 000000fc T MemPool::Deallocate(MemChunk const&)
001062c0 00000030 T MemPool::GetFreeSpace()
001062f0 00000074 T osConvertVirtToPhys
00106368 00000038 T osTickCounterRead
001063a0 00000034 T __ctru_speedup_config
001063d4 000001e8 t parseColor
001065bc 000001ac T consoleDrawChar
00106768 00000124 T consolePrintChar
0010688c 00000b94 T con_write
00107420 000000fc t newRow
0010751c 00000168 T consoleInit
00107684 000000d0 t gfxPresentFramebuffer
00107754 00000010 T gfxSet3D
00107764 0000001c T gfxIs3D
00107780 0000001c T gfxIsWide
0010779c 000000ec T gfxSetScreenFormat
00107888 00000010 T gfxSetDoubleBuffering
00107898 000000e0 T gfxInit
00107978 00000010 T gfxInitDefault
00107988 000000b4 T gfxExit
00107a3c 000000a0 T gfxGetFramebuffer
00107adc 00000104 T gfxFlushBuffers
00107be0 00000030 T gfxScreenSwapBuffers
00107c10 00000050 T gfxSwapBuffersGpu
00107c60 000001d4 T shaderInstanceInit
00107e34 00000018 T shaderInstanceGetUniformLocation
00107e4c 0000001c T shaderProgramInit
00107e68 00000064 T shaderProgramFree
00107ecc 00000080 T shaderProgramSetVsh
00107f4c 000008e0 T shaderProgramConfigure
0010882c 000001cc t DVLE_GenerateOutmap.part.0
001089f8 000001b4 T DVLB_ParseFile
00108bac 00000038 T DVLB_Free
00108be4 00000074 T DVLE_GetUniformRegister
00108c58 00000010 T GX_BindQueue
00108c68 00000078 T GX_ProcessCommandList
00108ce0 00000074 T GX_MemoryFill
00108d54 00000070 T GX_DisplayTransfer
00108dc4 00000068 t gxCmdQueueDoCommands.part.0
00108e2c 000000c8 T gxCmdQueueInterrupt
00108ef4 0000004c T gxCmdQueueClear
00108f40 000000f8 T gxCmdQueueAdd
00109038 00000080 T gxCmdQueueRun
001090b8 00000060 T gxCmdQueueStop
00109118 00000074 T gxCmdQueueWait
0010918c 0000013c T GPUCMD_Add
001092c8 000000b0 T GPUCMD_Split
00109378 00000034 T f32tof16
001093ac 00000034 T f32tof24
001093e0 00000038 T f32tof31
00109418 00000c58 t gspHardwareInit
0010a070 00000248 T gspInit
0010a2b8 000000f0 T gspExit
0010a3a8 00000010 T gspHasGpuRight
0010a3b8 000000a0 T gspPresentBuffer
0010a458 00000030 T gspSetEventCallback
0010a488 00000044 T gspWaitForEvent
0010a4cc 0000004c T gspWaitForAnyEvent
0010a518 00000158 t gspEventThreadMain
0010a670 00000130 T gspSubmitGxCommand
0010a7a0 00000050 T GSPGPU_FlushDataCache
0010a7f0 00000034 T GSPGPU_SetLcdForceBlack
0010a824 00000068 T GSPGPU_AcquireRight
0010a88c 00000048 T GSPGPU_ReleaseRight
0010a8d4 0000007c T GSPGPU_ImportDisplayCaptureInfo
0010a950 0000002c T GSPGPU_SaveVramSysArea
0010a97c 0000002c T GSPGPU_RestoreVramSysArea
0010a9a8 000001a4 t aptConvertScreenForCapture
0010ab4c 00000008 W aptDspSleep
0010ab54 00000004 W aptDspWakeup
0010ab58 00000004 W aptDspCancel
0010ab5c 00000158 T aptSendCommand
0010acb8 00000044 t aptExitProcess
0010acfc 000002f4 T aptExit
0010aff0 000000e0 T aptHandleSleep
0010b0d0 00000030 T aptHook
0010b100 00000030 T aptUnhook
0010b130 00000084 T APT_SleepIfShellClosed
0010b1b4 00000084 T aptSetSleepAllowed
0010b238 00000084 T APT_UnlockTransition
0010b2c0 000004a4 t aptEventHandler
0010b764 000000b0 T APT_ReceiveParameter
0010b814 000000b0 t aptReceiveParameter.constprop.0
0010b8c8 000002ac t aptScreenTransfer
0010bb74 00000344 t aptWaitForWakeUp.isra.0
0010beb8 00000100 T aptJumpToHomeMenu
0010bfb8 00000048 T aptMainLoop
0010c000 0000022c T aptInit
0010c22c 0000007c T APT_CheckNew3DS
0010c2a8 00000024 W hidShouldUseIrrst
0010c2cc 0000018c T hidInit
0010c458 000000e8 T hidExit
0010c540 000002a4 T hidScanInput
0010c7e4 00000010 T hidKeysHeld
0010c7f4 00000010 T hidKeysDown
0010c804 00000018 T hidCircleRead
0010c81c 00000074 T ptmSysmInit
0010c890 0000003c T ptmSysmExit
0010c8cc 00000034 T PTMSYSM_ConfigureNew3DSCPU
0010c900 00000010 T rbtree_init
0010c910 000001b4 t do_insert
0010cac4 00000008 T rbtree_insert
0010cacc 00000090 T rbtree_rotate
0010cb5c 00000318 T rbtree_remove
0010ce74 00000074 T rbtree_find
0010cee8 000001e0 W __system_allocateHeaps
0010d0c8 00000038 W __libctru_init
0010d100 00000170 W __system_initArgv
0010d270 T svcControlMemory
0010d290 T svcQueryMemory
0010d2c0 T svcExitProcess
0010d2c8 T svcCreateThread
0010d2e8 T svcExitThread
0010d2f0 T svcSleepThread
0010d2f8 T svcReleaseMutex
0010d300 T svcCreateEvent
0010d314 T svcSignalEvent
0010d31c T svcClearEvent
0010d324 T svcMapMemoryBlock
0010d32c T svcUnmapMemoryBlock
0010d334 T svcCreateAddressArbiter
0010d348 T svcArbitrateAddressNoTimeout
0010d350 T svcCloseHandle
0010d358 T svcWaitSynchronization
0010d360 T svcWaitSynchronizationN
0010d388 T svcDuplicateHandle
0010d39c T svcGetSystemTick
0010d3a4 T svcConnectToPort
0010d3b8 T svcSendSyncRequest
0010d3c0 T svcGetResourceLimit
0010d3d4 T svcGetResourceLimitLimitValues
0010d3dc T svcGetResourceLimitCurrentValues
0010d3e4 T svcBreak
0010d3ec W initSystem
0010d43c W __ctru_exit
0010d454 0000000c T __sync_init
0010d460 00000018 T __sync_fini
0010d478 0000002c T syncArbitrateAddress
0010d4a4 000000b0 T LightLock_Lock
0010d554 00000040 T LightLock_Unlock
0010d594 00000024 T RecursiveLock_Init
0010d5b8 00000030 T RecursiveLock_Lock
0010d5e8 00000054 T RecursiveLock_Unlock
0010d63c 00000040 T LightEvent_Init
0010d67c 000000a4 T LightEvent_Clear
0010d720 000000c8 T LightEvent_Signal
0010d7e8 00000050 T LightEvent_TryWait
0010d838 000000b0 T LightEvent_Wait
0010d8e8 00000130 T srvInit
0010da18 00000058 T srvExit
0010da70 000000a0 T srvGetServiceHandleDirect
0010db10 00000038 T srvGetServiceHandle
0010db48 00000038 T srvPublishToSubscriber
0010db80 00000178 T threadCreate
0010dcf8 0000002c T threadFree
0010dd24 00000024 T threadJoin
0010dd48 00000030 T threadGetCurrent
0010dd78 00000040 T threadExit
0010ddb8 00000020 t _thread_begin
0010ddd8 000000b4 t mappableFindAddressWithin
0010de8c 00000028 T mappableInit
0010deb4 00000080 T mappableAlloc
0010df34 00000004 T mappableFree
0010df38 00000164 T irrstInit
0010e09c 000000cc T irrstExit
0010e168 000000b4 T irrstScanInput
0010e21c 00000024 T irrstKeysHeld
0010e240 0000000c T srvPmGetSessionHandle
0010e24c 0000005c T rbtree_node_next
0010e2a8 00000030 W __appInit
0010e2d8 00000030 T __syscall_getreent
0010e308 00000004 T __syscall_lock_acquire
0010e30c 00000004 T __syscall_lock_release
0010e310 00000004 T __syscall_lock_init_recursive
0010e314 00000004 T __syscall_lock_acquire_recursive
0010e318 00000004 T __syscall_lock_release_recursive
0010e31c 00000004 T __syscall_exit
0010e320 00000050 T initThreadVars
0010e370 00000068 T __system_initSyscalls
0010e3d8 00000030 W __appExit
0010e408 00000090 W __libctru_exit
0010e498 00000084 W envGetHandle
0010e51c 00000050 W envDestroyHandles
0010e56c 00000014 t archive_link
0010e580 00000014 t archive_dirreset
0010e594 00000014 t archive_chmod
0010e5a8 00000024 t error_cmp
0010e5cc 00000050 t archive_translate_error
0010e61c 000000c8 t archive_seek
0010e6e4 0000007c t _archiveInit.part.0
0010e760 000000c4 t archiveFindDevice.part.0
0010e824 0000025c t archive_utf16path
0010ea80 000000a0 t _archiveUnmountDeviceStruct.part.0
0010eb20 00000014 t archive_fchmod
0010eb34 00000014 t archive_statvfs
0010eb48 00000164 t _archiveMountDevice
0010ecac 000000e8 t archive_diropen
0010ed94 000000a4 t archive_fstat
0010ee38 0000006c t archive_close
0010eea4 0000006c t archive_fsync
0010ef10 00000070 t archive_dirclose
0010ef80 000000e8 t sdmc_statvfs
0010f068 000000ec t archive_chdir
0010f154 0000007c t archive_ftruncate
0010f1d0 000000ac t archive_read
0010f27c 000000a4 t archive_unlink
0010f320 000000bc t archive_rmdir
0010f3dc 000000dc t archive_mkdir
0010f4b8 0000019c t archive_stat
0010f654 0000015c t archive_dirnext
0010f7b0 000000ec t archive_write
0010f89c 000001d4 t archive_open
0010fa70 00000278 t archive_rename
0010fce8 0000019c T archiveMountSdmc
0010fe84 00000054 T archiveUnmountAll
0010fed8 000000cc T fsInit
0010ffa4 0000003c T fsExit
0010ffe0 00000060 T fsExemptFromSession
00110040 00000050 T fsUnexemptFromSession
00110090 000000cc T FSUSER_OpenFile
0011015c 000000bc T FSUSER_DeleteFile
00110218 000000f8 T FSUSER_RenameFile
00110310 000000bc T FSUSER_DeleteDirectory
001103cc 000000d4 T FSUSER_CreateFile
001104a0 000000c4 T FSUSER_CreateDirectory
00110564 000000f8 T FSUSER_RenameDirectory
0011065c 000000b4 T FSUSER_OpenDirectory
00110710 00000098 T FSUSER_OpenArchive
001107a8 0000008c T FSUSER_CloseArchive
00110834 00000074 T FSUSER_GetSdmcArchiveResource
001108a8 00000064 T FSUSER_IsSdmcWritable
0011090c 00000058 T FSFILE_Read
00110964 00000060 T FSFILE_Write
001109c4 0000003c T FSFILE_GetSize
00110a00 00000028 T FSFILE_SetSize
00110a28 0000003c T FSFILE_Close
00110a64 00000024 T FSFILE_Flush
00110a88 00000050 T FSDIR_Read
00110ad8 0000003c T FSDIR_Close
00110b14 000000e8 T utf16_to_utf8
00110bfc 00000064 T decode_utf16
00110c60 0000013c T decode_utf8
00110d9c 000000c0 T utf8_to_utf16
00110e5c T __aeabi_read_tp
00110e68 00000054 T encode_utf16
00110ebc 000000e0 T encode_utf8
00110fa0 00000720 T pow
001116c0 00000284 T atan
00111948 000000c0 T cos
00111a08 00000014 T fabs
00111a20 000000c8 T sin
00111ae8 00000004 T atan2
00111aec 00000050 T sqrtf
00111b40 00000058 T sqrt
00111b98 00000204 T __ieee754_atan2
00111d9c 00000008 T __ieee754_sqrtf
00111da8 00000308 T __ieee754_rem_pio2
001120b0 00000008 T __ieee754_sqrt
001120b8 00000158 T __kernel_cos
00112210 000008c0 T __kernel_rem_pio2
00112ad0 000000c0 T __kernel_sin
00112b90 00000024 t with_errno
00112bb4 00000028 t xflow
00112be0 00000010 T __math_uflow
00112bf0 00000010 T __math_oflow
00112c00 00000050 T __math_divzero
00112c50 0000001c T __math_invalid
00112c6c 00000014 T __math_check_uflow
00112c80 00000028 T __math_check_oflow
00112ca8 00000144 T floor
00112df0 00000140 T scalbn
00112f30 00000120 T __udivmoddi4
00113050 00000078 T bsearch
001130c8 00000020 T calloc
001130e8 000000c0 T _calloc_r
001131a8 0000000c T __errno
001131b4 00000034 T exit
001131e8 00000234 T __sflush_r
0011341c 00000094 T _fflush_r
001134b0 0000000c T _cleanup_r
001134bc 00000184 T __sinit
00113640 0000000c T __sfp_lock_acquire
0011364c 0000000c T __sfp_lock_release
00113658 0000003c T __libc_fini_array
00113694 000000f8 T _malloc_trim_r
0011378c 000002e8 T _free_r
00113a74 00000070 T _fwalk_reent
00113ae4 00000084 T __libc_init_array
00113b68 00000020 T memalign
00113b88 0000014c T _memalign_r
00113cd4 00000018 T malloc
00113cec 00000018 T free
00113d04 000007e4 T _malloc_r
001144e8 000000e4 T memchr
001145cc 00000118 T memcpy
001146e4 000000f4 T memset
001147d8 0000000c T __malloc_lock
001147e4 0000000c T __malloc_unlock
001147f0 00000034 T printf
00114824 0000025c T setvbuf
00114a80 00000074 T sscanf
00114af4 00000044 T __sread
00114b38 00000008 T __seofread
00114b40 00000068 T __swrite
00114ba8 00000044 T __sseek
00114bec 00000008 T __sclose
00114bf4 0000005c T strlen
00114c50 000000e4 T strncat
00114d34 000000e4 T strncmp
00114e18 000000c4 T strncpy
00114edc 00000048 T strnlen
00114f24 000001c4 t _strtoul_l.constprop.0
001150e8 00000004 T _strtoul_r
001150ec 00000028 T strtoul
00115114 00000050 t get_arg
00115164 00002c38 T __ssvfscanf_r
00117d9c 0000066c t get_arg
00118408 0000339c T _vfprintf_r
0011b7a4 000000d0 t __sbprintf
0011b874 00000054 T _wcrtomb_r
0011b8c8 00000028 T _wcsrtombs_r
0011b8f0 0000013c T __swsetup_r
0011ba2c 00000114 T __call_exitprocs
0011bb40 000001b0 t quorem
0011bcf0 000011f8 T _dtoa_r
0011cee8 0000015c T _fclose_r
0011d044 00000008 T iswspace
0011d04c 0000000c T _localeconv_r
0011d058 00000010 T __locale_mb_cur_max
0011d068 00000138 T __smakebuf_r
0011d1a0 0000008c T __swhatbuf_r
0011d22c 00000068 T _mbrtowc_r
0011d294 000002f8 T __utf8_mbtowc
0011d58c 00000088 T _Balloc
0011d614 0000001c T _Bfree
0011d630 000000f4 T __multadd
0011d724 00000110 T __s2b
0011d834 00000060 T __hi0bits
0011d894 0000009c T __lo0bits
0011d930 000000a8 T __i2b
0011d9d8 00000204 T __multiply
0011dbdc 00000124 T __pow5mult
0011dd00 00000140 T __lshift
0011de40 00000058 T __mcmp
0011de98 000001ec T __mdiff
0011e084 00000068 T __ulp
0011e0ec 000000d0 T __b2d
0011e1bc 00000120 T __d2b
0011e2dc 00000078 T __ratio
0011e354 00000088 T __copybits
0011e3dc 0000005c T __any_on
0011e438 00000020 T realloc
0011e458 000004a0 T _realloc_r
0011e8f8 000000f4 T __sccl
0011e9ec 0000000c T nanf
0011e9f8 00000088 T frexp
0011ea80 00000064 T sprintf
0011eae4 000000cc T stpncpy
0011ebb0 00000130 T strchr
0011ece0 00000064 t sulp
0011ed48 000013a8 T _strtod_l
001200f0 0000000c T _strtod_r
001200fc 0000022c t _strtoll_l.constprop.0
00120328 00000004 T _strtoll_r
0012032c 000001a4 t _strtol_l.part.0
001204d0 0000003c T _strtol_r
0012050c 00000244 t _strtoull_l.constprop.0
00120750 00000004 T _strtoull_r
00120754 00000188 T __ssprint_r
001208dc 000000d4 T _sungetc_r
001209b0 0000006c T __ssrefill_r
00120a1c 000000c4 T _sfread_r
00120ae0 0000066c t get_arg
00121150 00003334 T _svfprintf_r
00124484 000000a8 T __submore
0012452c 0000066c t get_arg
00124b98 00000030 T __sprint_r
00124bc8 000022ec T _vfiprintf_r
00126eb4 000000d0 t __sbprintf
00126f84 00000188 T _wcsnrtombs_l
0012710c 0000004c T _wcsnrtombs_r
00127158 000000f0 T __utf8_wctomb
00127248 0000005c T __assert_func
001272a4 0000003c T fiprintf
001272e0 000004b4 T __sfvwrite_r
00127794 000000f0 t rshift
00127884 00000814 T __gethex
00128098 0000004c T __match
001280e4 0000029c T __hexnan
00128380 0000003c T iswspace_l
001283bc 000001d8 t __jp2uc
00128594 0000009c T _jp2uc_l
00128630 00000150 T memmove
00128780 00000010 T nan
00128790 00000014 T abort
001287a4 0000008c T category
00128830 00000090 T _raise_r
001288c0 00000018 T raise
001288d8 00000008 t null_write
001288e0 00000018 T setDefaultDevice
001288f8 000000c8 T FindDevice
001289c0 00000028 T RemoveDevice
001289e8 0000009c T AddDevice
00128a84 00000020 T GetDeviceOpTab
00128aa4 00000078 T _fstat_r
00128b1c 00000014 T _getpid_r
00128b30 00000008 T _isatty_r
00128b38 00000014 T _kill_r
00128b4c 00000084 T _lseek_r
00128bd0 00000080 T _read_r
00128c50 00000078 T _sbrk_r
00128cc8 00000080 T _write_r
00128d48 00000020 T _exit
00128d68 000001a4 T _concatenate_path
00128f0c 00000140 T chdir
0012904c 00000008 T __flockfile
00129054 00000008 T __funlockfile
0012905c 0000003c T __get_handle
00129098 000000f4 T _close_r
0012918c 0000002c T __getreent
001291b8 0000001c T __libc_lock_acquire
001291d4 0000001c T __libc_lock_release
001291f0 0000001c T __libc_lock_init_recursive
0012920c 0000001c T __libc_lock_acquire_recursive
00129228 0000001c T __libc_lock_release_recursive
00129244 0000001c T __libc_lock_close_recursive
00129260 00000038 T __aeabi_d2lz
00129260 00000038 T __fixdfdi
00129298 00000040 T __aeabi_d2ulz
00129298 00000040 T __fixunsdfdi
001292d8 00000048 T strrchr
00129320 T _fini
0012a078 R render2d_shbin
0012a204 R render2d_shbin_end
0012a204 R render2d_shbin_size
0012a208 00000005 r colorFmtSizes
0012a210 00000004 r depthFmtSizes
0012a214 00000010 r CSWTCH.9
0012a29c 00000070 r dotab_stdout
0012a30c 00000018 r grayScale
0012a324 00000006 r colorCube
0012a32c 00000030 r colorTable
0012a380 00000008 r morton_y.2
0012a388 00000008 r morton_x.3
0012a390 00000008 r s_sleepWakeEvents.4
0012a3c8 R default_font_bin
0012abc8 R default_font_bin_end
0012abec 00000030 r error_table
0012ac24 00000070 r archive_devoptab
0012aca0 00000020 r atanlo
0012acc0 00000020 r atanhi
0012ace0 00000018 r CSWTCH.9
0012acf8 00000018 r CSWTCH.8
0012ad10 00000080 r npio2_hw
0012ad90 00000108 r two_over_pi
0012ae98 00000870 R __exp_data
0012b708 00000040 r PIo2
0012b748 00000010 r init_jk
0012b758 00001048 R __pow_log_data
0012c7a0 00000004 R _global_impure_ptr
0012c7ac 00000022 r basefix.0
0012c80c 00000010 r zeroes.0
0012c81c 00000010 r blanks.1
0012c82c 00000101 R _ctype_
0012c940 r .LC2
0012ca34 0000000c r p05.0
0012ca40 00000028 R __mprec_bigtens
0012ca68 000000c8 R __mprec_tens
0012cb40 00000014 r fpinan.0
0012cb54 00000014 r fpi.1
0012cb68 00000028 r tinytens
0012cb90 0000006c R __action_table
0012cbfc 0000006c R __state_table
0012cc68 00000100 R __chclass
0012cd68 00000010 r zeroes.0
0012cd78 00000010 r blanks.1
0012cd88 00000010 r zeroes.0
0012cd98 00000010 r blanks.1
0012ce38 00000100 R __hexdig
0012cf4c 00001a7c r d02f4
0012e9c8 0000172a r b02cf
001300f4 00000040 r a8
00130134 000000a2 r a7
001301d8 00000070 r a6
00130248 0000005b r a3
001302a4 000000bc r a2
00130360 000000bc r a1
0013041c 00003528 r categories
00133944 00000070 R dotab_stdnull
001339b4 R __tdata_align
001339b8 r 
001339b8 R __exidx_end
001339b8 R __exidx_start
00134000 00000008 D playerRot
00134008 00000004 D rotSpeed
0013400c 0000000c D playerPos
00134018 00000004 D playerSpeed
0013401c 00001f40 D polygons
00135f5c 000017c4 D vertecies
00137720 00000004 d framerate
00137724 00000008 d framerateCounter
0013772c 00000001 d firstConsoleInit.0
00137730 00000004 D currentConsole
00137734 00000048 D defaultConsole
0013777c 00000004 d queueLock
00137780 00000004 d kCount
00137784 00000004 d kInterval
00137788 00000004 d kDelay
0013778c W __stacksize__
00137790 00000004 D _impure_ptr
00137798 00000460 d impure_data
00137bf8 00000004 D __malloc_sbrk_base
00137bfc 00000004 D __malloc_trim_threshold
00137c00 00000408 D __malloc_av_
00138008 0000016c D __global_locale
00138174 0000008c D devoptab_list
00138200 00000004 d defaultDevice
00138204 00000400 d _current_working_directory
00138604 00001000 d handles
00139604 0000000c d __stderr_handle
00139610 0000000c d __stdout_handle
0013961c 0000000c d __stdin_handle
00139630 d _GLOBAL_OFFSET_TABLE_
0013963c d __frame_dummy_init_array_entry
0013963c D __init_array_start
0013963c B __preinit_array_end
0013963c B __preinit_array_start
0013963c D __tdata_lma
0013963c D __tdata_lma_end
00139640 d __do_global_dtors_aux_fini_array_entry
00139640 D __fini_array_start
00139640 D __init_array_end
00139644 D __bss_start__
00139644 D __fini_array_end
00139648 0000000c B cameraPos
00139658 00000008 B deltaTime
00139660 00000010 B end
00139670 00000010 B begin
00139680 b completed.1
00139684 b object.0
001396a0 000005a8 B __C2Di_Context
00139c48 00000040 b s_projBot
00139c88 00000040 b s_projTop
00139cc8 00000004 b uLoc_mdlvMtx
00139ccc 00000004 b uLoc_projMtx
00139cd0 000002d0 B __C3D_Context
00139fa0 0000000c b hookCookie
00139fb0 00000010 b cpuTime
00139fc0 00000004 b firstTarget
00139fc4 00000008 b frameCounter
00139fcc 00000004 b frameEndCb
00139fd0 00000004 b frameEndCbData
00139fd8 00000010 b gpuTime
00139fe8 00000001 b inFrame
00139fe9 00000001 b inSafeTransfer
00139fea 00000001 b isTopStereo
00139fec 00000004 b lastTarget
00139ff0 0000000c b linkedTarget
00139ffc 00000001 b measureGpuTime
00139ffd 00000001 b needSwapBot
00139ffe 00000001 b needSwapTop
0013a000 00000004 B C3D_BoolUnifs
0013a004 00000002 B C3D_BoolUnifsDirty
0013a008 00000c00 B C3D_FVUnif
0013ac08 000000c0 B C3D_FVUnifDirty
0013acc8 00000020 B C3D_IVUnif
0013ace8 00000008 B C3D_IVUnifDirty
0013acf0 000000c0 b C3Di_FVUnifEverDirty
0013adb0 00000008 b C3Di_IVUnifEverDirty
0013adb8 00000018 b C3Di_ShaderFVecData
0013add0 00000008 b sVramPoolB
0013add8 00000008 b sVramPoolA
0013ade0 0000000c b sAddrMap
0013adf0 00000008 b sLinearPool
0013adf8 0000000c b sAddrMap
0013ae04 00000001 V __ctru_speedup
0013ae08 00000048 B currentCopy
0013ae50 00000004 b screenAlloc
0013ae54 00000004 b screenFree
0013ae58 00000002 b gfxIsDoubleBuf
0013ae5c 00000002 b gfxCurBuf
0013ae5e 00000001 b gfxIsVram
0013ae5f 00000001 b gfxTopMode
0013ae60 00000002 b gfxFramebufferFormats
0013ae64 00000004 b gfxBottomFramebufferMaxSize
0013ae68 00000004 b gfxTopFramebufferMaxSize
0013ae70 00000008 b gfxBottomFramebuffers
0013ae78 00000008 b gfxTopFramebuffers
0013ae80 00000004 b boundQueue
0013ae84 00000001 b shouldStop
0013ae85 00000001 b isRunning
0013ae86 00000001 b isActive
0013ae88 00000004 b curQueue
0013ae8c 00000004 B gpuCmdBufOffset
0013ae90 00000004 B gpuCmdBufSize
0013ae94 00000004 B gpuCmdBuf
0013ae98 00000007 b gspEventCbOneShot
0013aea0 0000001c b gspEventCbData
0013aebc 0000001c b gspEventCb
0013aed8 00000038 b gspEvents
0013af10 00000004 b gspLastEvent
0013af14 00000001 b gspRunEvents
0013af18 00000004 b gspEventThread
0013af1c 00000004 b gspEvent
0013af20 00000001 b gspGpuRight
0013af21 00000001 b gspThreadId
0013af24 00000004 b gspSharedMem
0013af28 00000004 b gspSharedMemHandle
0013af2c 00000004 b gspRefCount
0013af30 00000004 b gspGpuHandle
0013af34 00000001 b flagValue.0
0013af35 00000001 b flagInit.1
0013af38 00000004 b serviceName.6
0013af3c 00000001 b aptChainloadMediatype
0013af40 00000008 b aptChainloadTid
0013af48 00000001 b aptChainloadFlags
0013af4c 00001000 b aptParameters
0013bf4c 00000004 b aptFlags
0013bf50 00000001 b aptHomeButtonState
0013bf54 00000004 b aptMessageFuncData
0013bf58 00000004 b aptMessageFunc
0013bf5c 0000000c b aptFirstHook
0013bf68 00000001 b aptEventHandlerThreadQuit
0013bf6c 00000004 b aptEventHandlerThread
0013bf70 00000008 b aptSleepEvent
0013bf78 00000008 b aptReceiveEvent
0013bf80 00000008 b aptEvents
0013bf88 00000004 b aptLockHandle
0013bf8c 00000004 b aptRefCount
0013bf90 00000001 b usingIrrst
0013bf94 00000004 b hidRefCount
0013bf98 00000006 b gRate
0013bfa0 00000006 b aVec
0013bfa8 00000004 b cPos
0013bfac 00000004 b tPos
0013bfb0 00000004 b kRepeat
0013bfb4 00000004 b kUp
0013bfb8 00000004 b kDown
0013bfbc 00000004 b kHeld
0013bfc0 00000004 b kOld
0013bfc4 00000004 B hidSharedMem
0013bfc8 00000014 B hidEvents
0013bfdc 00000004 B hidMemHandle
0013bfe0 00000004 B hidHandle
0013bfe4 00000004 b ptmSysmRefCount
0013bfe8 00000004 b ptmSysmHandle
0013bfec 00000004 V __ctru_linear_heap_size
0013bff0 00000004 V __ctru_heap_size
0013bff4 00000004 B __ctru_linear_heap
0013bff8 00000004 B __ctru_heap
0013bffc 00000004 B __system_retAddr
0013c000 00000004 B __system_argv
0013c004 00000004 B __system_argc
0013c008 b saved_stack
0013c010 00000004 b arbiter
0013c014 00000004 B __3dslink_host
0013c018 00000004 b srvRefCount
0013c01c 00000004 b srvHandle
0013c020 00000004 b currentAddr
0013c024 00000004 b maxAddr
0013c028 00000004 b minAddr
0013c02c 00000004 b irrstRefCount
0013c030 00000004 b csPos
0013c034 00000004 b kHeld
0013c038 00000004 B irrstSharedMem
0013c03c 00000004 B irrstEvent
0013c040 00000004 B irrstMemHandle
0013c044 00000004 B irrstHandle
0013c048 00000004 b srvPmHandle
0013c050 00000540 b archive_devices
0013c590 00000004 b archive_device_cwd
0013c594 00000001 b archive_initialized
0013c598 00000080 b fsExemptArchives
0013c618 00000004 b fsuRefCount
0013c61c 00000004 b fsuHandle
0013c620 0000000c b __sinit_recursive_mutex
0013c62c 0000000c b __sfp_recursive_mutex
0013c638 00000028 B __malloc_current_mallinfo
0013c660 00000004 B __malloc_max_total_mem
0013c664 00000004 B __malloc_max_sbrked_mem
0013c668 00000004 B __malloc_top_pad
0013c66c 0000000c b __malloc_recursive_mutex
0013c678 0000000c B __atexit_recursive_mutex
0013c684 00000004 b heap_start.0
0013c688 00000004 B fake_heap_start
0013c68c 00000004 B fake_heap_end
0013c690 00000400 b temp_cwd
0013ca90 00000004 b __hndl_lock
0013ca94 B __tls_start
0013d69c B __bss_end__
0013d69c A __end__
0013d69c B __tls_end
